\BOOKMARK [0][]{titlepage.0}{\376\377\134\001\227\142}{}% 1
\BOOKMARK [0][]{center.0}{\376\377\144\130\211\201}{}% 2
\BOOKMARK [0][]{0.0}{\376\377\000A\000b\000s\000t\000r\000a\000c\000t}{}% 3
\BOOKMARK [0][]{1.0}{\376\377\166\356\137\125}{}% 4
\BOOKMARK [0][]{part*.5}{\376\377\137\025\212\000}{}% 5
\BOOKMARK [1][]{section.1}{\376\377\213\357\135\356\164\006\213\272\116\016\145\160\143\156\131\004\164\006\0001}{part*.5}% 6
\BOOKMARK [2][]{subsection.1.1}{\376\377\213\357\135\356\166\204\127\372\147\054\140\047\215\050\116\016\131\004\164\006}{section.1}% 7
\BOOKMARK [3][]{subsubsection.1.1.1}{\376\377\226\217\147\072\213\357\135\356}{subsection.1.1}% 8
\BOOKMARK [3][]{subsubsection.1.1.2}{\376\377\174\373\176\337\213\357\135\356}{subsection.1.1}% 9
\BOOKMARK [3][]{subsubsection.1.1.3}{\376\377\174\227\131\047\213\357\135\356}{subsection.1.1}% 10
\BOOKMARK [3][]{subsubsection.1.1.4}{\376\377\173\111\174\276\136\246\155\113\221\317\145\160\143\156\166\204\213\357\135\356\122\006\147\220}{subsection.1.1}% 11
\BOOKMARK [3][]{subsubsection.1.1.5}{\376\377\116\015\173\111\174\276\136\246\155\113\221\317\145\160\143\156\166\204\213\357\135\356\122\006\147\220}{subsection.1.1}% 12
\BOOKMARK [2][]{subsection.1.2}{\376\377\213\357\135\356\166\204\124\010\142\020}{section.1}% 13
\BOOKMARK [3][]{subsubsection.1.2.1}{\376\377\174\373\176\337\213\357\135\356\166\204\124\010\142\020}{subsection.1.2}% 14
\BOOKMARK [3][]{subsubsection.1.2.2}{\376\377\226\217\147\072\213\357\135\356\166\204\124\010\142\020}{subsection.1.2}% 15
\BOOKMARK [2][]{subsection.1.3}{\376\377\155\113\221\317\116\015\170\156\133\232\136\246}{section.1}% 16
\BOOKMARK [3][]{subsubsection.1.3.1}{\376\377\150\007\121\306\116\015\170\156\133\232\136\246\166\204\000A\174\173\213\304\133\232}{subsection.1.3}% 17
\BOOKMARK [3][]{subsubsection.1.3.2}{\376\377\150\007\121\306\116\015\170\156\133\232\136\246\166\204\000B\174\173\213\304\133\232}{subsection.1.3}% 18
\BOOKMARK [3][]{subsubsection.1.3.3}{\376\377\201\352\165\061\136\246\166\204\170\156\133\232}{subsection.1.3}% 19
\BOOKMARK [3][]{subsubsection.1.3.4}{\376\377\155\113\221\317\116\015\170\156\133\232\136\246\124\010\142\020}{subsection.1.3}% 20
\BOOKMARK [2][]{subsection.1.4}{\376\377\147\000\134\017\116\214\116\130\154\325\131\004\164\006}{section.1}% 21
\BOOKMARK [2][]{subsection.1.5}{\376\377\126\336\137\122\122\006\147\220}{section.1}% 22
\BOOKMARK [1][]{section.2}{\376\377\000M\000a\000t\000l\000a\000b\172\013\136\217\213\276\213\241\124\214\000G\000U\000I\213\276\213\241\0002}{part*.5}% 23
\BOOKMARK [2][]{subsection.2.1}{\376\377\000M\000a\000t\000l\000a\000b\127\372\147\054\144\315\117\134}{section.2}% 24
\BOOKMARK [3][]{subsubsection.2.1.1}{\376\377\000M\000a\000t\000l\000a\000b\166\204\145\160\143\156\127\372\170\100}{subsection.2.1}% 25
\BOOKMARK [3][]{subsubsection.2.1.2}{\376\377\000M\000a\000t\000l\000a\000b\136\070\165\050\121\375\145\160}{subsection.2.1}% 26
\BOOKMARK [3][]{subsubsection.2.1.3}{\376\377\000M\000a\000t\000l\000a\000b\176\330\122\066\126\376\120\317}{subsection.2.1}% 27
\BOOKMARK [3][]{subsubsection.2.1.4}{\376\377\000M\000a\000t\000l\000a\000b\166\204\000m\145\207\116\366}{subsection.2.1}% 28
\BOOKMARK [2][]{subsection.2.2}{\376\377\000M\000a\000t\000l\000a\000b\000\040\000G\000U\000I\213\276\213\241}{section.2}% 29
\BOOKMARK [3][]{subsubsection.2.2.1}{\376\377\000M\000a\000t\000l\000a\000b\116\055\213\276\213\241\000G\000U\000I\166\204\121\375\145\160}{subsection.2.2}% 30
\BOOKMARK [3][]{subsubsection.2.2.2}{\376\377\000M\000a\000t\000l\000a\000b\116\055\126\336\214\003\121\375\145\160\166\204\177\026\121\231}{subsection.2.2}% 31
\BOOKMARK [0][]{part*.27}{\376\377\176\323\213\272}{}% 32
\BOOKMARK [0][]{part*.28}{\376\377\201\364\214\042}{}% 33
\BOOKMARK [0][]{section*.29}{\376\377\123\302\200\003\145\207\163\056}{}% 34
\BOOKMARK [0][]{part*.30}{\376\377\226\104\137\125}{}% 35
